<?xml version="1.0" encoding="UTF-8"?>
<testng-results skipped="0" failed="0" ignored="0" total="1" passed="1">
  <reporter-output>
  </reporter-output>
  <suite name="Default suite" duration-ms="14559" started-at="2017-12-06T21:31:23Z" finished-at="2017-12-06T21:31:38Z">
    <groups>
    </groups>
    <test name="Default test" duration-ms="14559" started-at="2017-12-06T21:31:23Z" finished-at="2017-12-06T21:31:38Z">
      <class name="frameDemo.Frame">
        <test-method status="PASS" signature="testFrames()[pri:0, instance:frameDemo.Frame@280d9edc]" name="testFrames" duration-ms="14424" started-at="2017-12-06T16:31:23Z" finished-at="2017-12-06T16:31:38Z">
          <reporter-output>
          </reporter-output>
        </test-method> <!-- testFrames -->
      </class> <!-- frameDemo.Frame -->
    </test> <!-- Default test -->
  </suite> <!-- Default suite -->
</testng-results>
