<?xml version="1.0" encoding="UTF-8"?>
<testng-results skipped="0" failed="0" ignored="0" total="5" passed="5">
  <reporter-output>
  </reporter-output>
  <suite name="Default suite" duration-ms="383" started-at="2017-12-09T05:26:16Z" finished-at="2017-12-09T05:26:17Z">
    <groups>
    </groups>
    <test name="Default test" duration-ms="383" started-at="2017-12-09T05:26:16Z" finished-at="2017-12-09T05:26:17Z">
      <class name="test.HashMa">
        <test-method status="PASS" signature="funWithArrayLists()[pri:0, instance:test.HashMa@3bbf9027]" name="funWithArrayLists" duration-ms="114" started-at="2017-12-09T00:26:17Z" finished-at="2017-12-09T00:26:17Z">
          <reporter-output>
          </reporter-output>
        </test-method> <!-- funWithArrayLists -->
        <test-method status="PASS" signature="funWithHashMaps()[pri:0, instance:test.HashMa@3bbf9027]" name="funWithHashMaps" duration-ms="1" started-at="2017-12-09T00:26:17Z" finished-at="2017-12-09T00:26:17Z">
          <reporter-output>
          </reporter-output>
        </test-method> <!-- funWithHashMaps -->
        <test-method status="PASS" signature="funWithHashSets()[pri:0, instance:test.HashMa@3bbf9027]" name="funWithHashSets" duration-ms="2" started-at="2017-12-09T00:26:17Z" finished-at="2017-12-09T00:26:17Z">
          <reporter-output>
          </reporter-output>
        </test-method> <!-- funWithHashSets -->
        <test-method status="PASS" signature="funWithJavaStrings()[pri:0, instance:test.HashMa@3bbf9027]" name="funWithJavaStrings" duration-ms="7" started-at="2017-12-09T00:26:17Z" finished-at="2017-12-09T00:26:17Z">
          <reporter-output>
          </reporter-output>
        </test-method> <!-- funWithJavaStrings -->
        <test-method status="PASS" signature="setup()[pri:0, instance:test.HashMa@3bbf9027]" name="setup" duration-ms="1" started-at="2017-12-09T00:26:17Z" finished-at="2017-12-09T00:26:17Z">
          <reporter-output>
          </reporter-output>
        </test-method> <!-- setup -->
      </class> <!-- test.HashMa -->
    </test> <!-- Default test -->
  </suite> <!-- Default suite -->
</testng-results>
